# JRE version: OpenJDK Runtime Environment Microsoft-9889599 (17.0.12+7) (build 17.0.12+7-LTS)
# Java VM: OpenJDK 64-Bit Server VM Microsoft-9889599 (17.0.12+7-LTS, mixed mode, sharing, tiered, compressed oops, compressed class ptrs, g1 gc, windows-amd64)
GC Precious Log:
 CPUs: 12 total, 12 available
 Memory: 16175M
 Large Page Support: Disabled
 NUMA Support: Disabled
 Compressed Oops: Enabled (32-bit)
 Heap Region Size: 1M
 Heap Min Capacity: 8M
 Heap Initial Capacity: 254M
 Heap Max Capacity: 2G
 Pre-touch: Disabled
 Parallel Workers: 10
 Concurrent Workers: 3
 Concurrent Refinement Workers: 10
 Periodic GC: Disabled
Heap:
 garbage-first heap   total 260096K, used 82261K [0x0000000080000000, 0x0000000100000000)
  region size 1024K, 4 young (4096K), 4 survivors (4096K)
 Metaspace       used 70470K, committed 71232K, reserved 491520K
  class space    used 9957K, committed 10304K, reserved 425984K
GC Heap History (20 events):
Event: 27.317 GC heap after
{Heap after GC invocations=30 (full 0):
 garbage-first heap   total 111616K, used 64624K [0x0000000080000000, 0x0000000100000000)
  region size 1024K, 2 young (2048K), 2 survivors (2048K)
 Metaspace       used 64411K, committed 65024K, reserved 491520K
  class space    used 9130K, committed 9408K, reserved 425984K
}
Event: 27.378 GC heap before
{Heap before GC invocations=30 (full 0):
 garbage-first heap   total 111616K, used 67696K [0x0000000080000000, 0x0000000100000000)
  region size 1024K, 5 young (5120K), 2 survivors (2048K)
 Metaspace       used 64585K, committed 65280K, reserved 491520K
  class space    used 9139K, committed 9472K, reserved 425984K
}
Event: 27.381 GC heap after
{Heap after GC invocations=31 (full 0):
 garbage-first heap   total 111616K, used 63840K [0x0000000080000000, 0x0000000100000000)
  region size 1024K, 1 young (1024K), 1 survivors (1024K)
 Metaspace       used 64585K, committed 65280K, reserved 491520K
  class space    used 9139K, committed 9472K, reserved 425984K
}
Event: 28.160 GC heap before
{Heap before GC invocations=31 (full 0):
 garbage-first heap   total 111616K, used 89440K [0x0000000080000000, 0x0000000100000000)
  region size 1024K, 26 young (26624K), 1 survivors (1024K)
 Metaspace       used 66345K, committed 67072K, reserved 491520K
  class space    used 9378K, committed 9728K, reserved 425984K
}
Event: 28.169 GC heap after
{Heap after GC invocations=32 (full 0):
 garbage-first heap   total 140288K, used 65797K [0x0000000080000000, 0x0000000100000000)
  region size 1024K, 3 young (3072K), 3 survivors (3072K)
 Metaspace       used 66345K, committed 67072K, reserved 491520K
  class space    used 9378K, committed 9728K, reserved 425984K
}
Event: 31.494 GC heap before
{Heap before GC invocations=33 (full 0):
 garbage-first heap   total 140288K, used 109829K [0x0000000080000000, 0x0000000100000000)
  region size 1024K, 47 young (48128K), 3 survivors (3072K)
 Metaspace       used 68549K, committed 69248K, reserved 491520K
  class space    used 9773K, committed 10112K, reserved 425984K
}
Event: 31.511 GC heap after
{Heap after GC invocations=34 (full 0):
 garbage-first heap   total 140288K, used 70878K [0x0000000080000000, 0x0000000100000000)
  region size 1024K, 6 young (6144K), 6 survivors (6144K)
 Metaspace       used 68549K, committed 69248K, reserved 491520K
  class space    used 9773K, committed 10112K, reserved 425984K
}
Event: 31.527 GC heap before
{Heap before GC invocations=34 (full 0):
 garbage-first heap   total 140288K, used 71902K [0x0000000080000000, 0x0000000100000000)
  region size 1024K, 7 young (7168K), 6 survivors (6144K)
 Metaspace       used 68552K, committed 69248K, reserved 491520K
  class space    used 9773K, committed 10112K, reserved 425984K
}
Event: 31.537 GC heap after
{Heap after GC invocations=35 (full 0):
 garbage-first heap   total 140288K, used 71224K [0x0000000080000000, 0x0000000100000000)
  region size 1024K, 1 young (1024K), 1 survivors (1024K)
 Metaspace       used 68552K, committed 69248K, reserved 491520K
  class space    used 9773K, committed 10112K, reserved 425984K
}
Event: 34.181 GC heap before
{Heap before GC invocations=35 (full 0):
 garbage-first heap   total 140288K, used 111160K [0x0000000080000000, 0x0000000100000000)
  region size 1024K, 40 young (40960K), 1 survivors (1024K)
 Metaspace       used 70147K, committed 70912K, reserved 491520K
  class space    used 9954K, committed 10304K, reserved 425984K
}
Event: 34.187 GC heap after
{Heap after GC invocations=36 (full 0):
 garbage-first heap   total 140288K, used 74636K [0x0000000080000000, 0x0000000100000000)
  region size 1024K, 5 young (5120K), 5 survivors (5120K)
 Metaspace       used 70147K, committed 70912K, reserved 491520K
  class space    used 9954K, committed 10304K, reserved 425984K
}
Event: 35.204 GC heap before
{Heap before GC invocations=37 (full 0):
 garbage-first heap   total 140288K, used 109452K [0x0000000080000000, 0x0000000100000000)
  region size 1024K, 41 young (41984K), 5 survivors (5120K)
 Metaspace       used 70405K, committed 71168K, reserved 491520K
  class space    used 9957K, committed 10304K, reserved 425984K
}
Event: 35.212 GC heap after
{Heap after GC invocations=38 (full 0):
 garbage-first heap   total 140288K, used 78217K [0x0000000080000000, 0x0000000100000000)
  region size 1024K, 5 young (5120K), 5 survivors (5120K)
 Metaspace       used 70405K, committed 71168K, reserved 491520K
  class space    used 9957K, committed 10304K, reserved 425984K
}
Event: 35.216 GC heap before
{Heap before GC invocations=38 (full 0):
 garbage-first heap   total 140288K, used 78217K [0x0000000080000000, 0x0000000100000000)
  region size 1024K, 6 young (6144K), 5 survivors (5120K)
 Metaspace       used 70408K, committed 71168K, reserved 491520K
  class space    used 9957K, committed 10304K, reserved 425984K
}
Event: 35.221 GC heap after
{Heap after GC invocations=39 (full 0):
 garbage-first heap   total 140288K, used 78092K [0x0000000080000000, 0x0000000100000000)
  region size 1024K, 1 young (1024K), 1 survivors (1024K)
 Metaspace       used 70408K, committed 71168K, reserved 491520K
  class space    used 9957K, committed 10304K, reserved 425984K
}
Event: 35.485 GC heap before
{Heap before GC invocations=39 (full 0):
 garbage-first heap   total 140288K, used 111884K [0x0000000080000000, 0x0000000100000000)
  region size 1024K, 35 young (35840K), 1 survivors (1024K)
 Metaspace       used 70462K, committed 71232K, reserved 491520K
  class space    used 9957K, committed 10304K, reserved 425984K
}
Event: 35.490 GC heap after
{Heap after GC invocations=40 (full 0):
 garbage-first heap   total 140288K, used 80679K [0x0000000080000000, 0x0000000100000000)
  region size 1024K, 4 young (4096K), 4 survivors (4096K)
 Metaspace       used 70462K, committed 71232K, reserved 491520K
  class space    used 9957K, committed 10304K, reserved 425984K
}
Event: 35.794 GC heap before
{Heap before GC invocations=40 (full 0):
 garbage-first heap   total 140288K, used 112423K [0x0000000080000000, 0x0000000100000000)
  region size 1024K, 36 young (36864K), 4 survivors (4096K)
 Metaspace       used 70468K, committed 71232K, reserved 491520K
  class space    used 9957K, committed 10304K, reserved 425984K
}
Event: 35.798 GC heap after
{Heap after GC invocations=41 (full 0):
 garbage-first heap   total 140288K, used 81671K [0x0000000080000000, 0x0000000100000000)
  region size 1024K, 4 young (4096K), 4 survivors (4096K)
 Metaspace       used 70468K, committed 71232K, reserved 491520K
  class space    used 9957K, committed 10304K, reserved 425984K
}
Event: 36.076 GC heap before
{Heap before GC invocations=41 (full 0):
 garbage-first heap   total 140288K, used 113415K [0x0000000080000000, 0x0000000100000000)
  region size 1024K, 36 young (36864K), 4 survivors (4096K)
 Metaspace       used 70470K, committed 71232K, reserved 491520K
  class space    used 9957K, committed 10304K, reserved 425984K
}

